{
  "uid" : "6652b51413e5d48e",
  "name" : "addBookCard",
  "fullName" : "testclass.AddToCardBookTesting.addBookCard",
  "historyId" : "876ff00df72e594065d7b381f117f34a",
  "time" : {
    "start" : 1674327417448,
    "stop" : 1674327452646,
    "duration" : 35198
  },
  "status" : "broken",
  "statusMessage" : "Expected condition failed: waiting for presence of element located by: By.xpath: //img[@alt=\"Ek Dozen Ekjon\"] (tried for 20 second(s) with 500 milliseconds interval)",
  "statusTrace" : "org.openqa.selenium.TimeoutException: Expected condition failed: waiting for presence of element located by: By.xpath: //img[@alt=\"Ek Dozen Ekjon\"] (tried for 20 second(s) with 500 milliseconds interval)\r\n\tat org.openqa.selenium.support.ui.WebDriverWait.timeoutException(WebDriverWait.java:87)\r\n\tat org.openqa.selenium.support.ui.FluentWait.until(FluentWait.java:231)\r\n\tat Page.BasePage.getElement(BasePage.java:21)\r\n\tat testclass.AddToCardBookTesting.addBookCard(AddToCardBookTesting.java:27)\r\n\tat java.base/jdk.internal.reflect.NativeMethodAccessorImpl.invoke0(Native Method)\r\n\tat java.base/jdk.internal.reflect.NativeMethodAccessorImpl.invoke(NativeMethodAccessorImpl.java:77)\r\n\tat java.base/jdk.internal.reflect.DelegatingMethodAccessorImpl.invoke(DelegatingMethodAccessorImpl.java:43)\r\n\tat java.base/java.lang.reflect.Method.invoke(Method.java:568)\r\n\tat org.testng.internal.MethodInvocationHelper.invokeMethod(MethodInvocationHelper.java:133)\r\n\tat org.testng.internal.TestInvoker.invokeMethod(TestInvoker.java:598)\r\n\tat org.testng.internal.TestInvoker.invokeTestMethod(TestInvoker.java:173)\r\n\tat org.testng.internal.MethodRunner.runInSequence(MethodRunner.java:46)\r\n\tat org.testng.internal.TestInvoker$MethodInvocationAgent.invoke(TestInvoker.java:824)\r\n\tat org.testng.internal.TestInvoker.invokeTestMethods(TestInvoker.java:146)\r\n\tat org.testng.internal.TestMethodWorker.invokeTestMethods(TestMethodWorker.java:146)\r\n\tat org.testng.internal.TestMethodWorker.run(TestMethodWorker.java:128)\r\n\tat java.base/java.util.ArrayList.forEach(ArrayList.java:1511)\r\n\tat org.testng.TestRunner.privateRun(TestRunner.java:794)\r\n\tat org.testng.TestRunner.run(TestRunner.java:596)\r\n\tat org.testng.SuiteRunner.runTest(SuiteRunner.java:377)\r\n\tat org.testng.SuiteRunner.runSequentially(SuiteRunner.java:371)\r\n\tat org.testng.SuiteRunner.privateRun(SuiteRunner.java:332)\r\n\tat org.testng.SuiteRunner.run(SuiteRunner.java:276)\r\n\tat org.testng.SuiteRunnerWorker.runSuite(SuiteRunnerWorker.java:53)\r\n\tat org.testng.SuiteRunnerWorker.run(SuiteRunnerWorker.java:96)\r\n\tat org.testng.TestNG.runSuitesSequentially(TestNG.java:1212)\r\n\tat org.testng.TestNG.runSuitesLocally(TestNG.java:1134)\r\n\tat org.testng.TestNG.runSuites(TestNG.java:1063)\r\n\tat org.testng.TestNG.run(TestNG.java:1031)\r\n\tat org.testng.remote.AbstractRemoteTestNG.run(AbstractRemoteTestNG.java:115)\r\n\tat org.testng.remote.RemoteTestNG.initAndRun(RemoteTestNG.java:251)\r\n\tat org.testng.remote.RemoteTestNG.main(RemoteTestNG.java:77)\r\nCaused by: org.openqa.selenium.NoSuchElementException: no such element: Unable to locate element: {\"method\":\"xpath\",\"selector\":\"//img[@alt=\"Ek Dozen Ekjon\"]\"}\n  (Session info: chrome=109.0.5414.75)\nFor documentation on this error, please visit: https://selenium.dev/exceptions/#no_such_element\nBuild info: version: '4.7.2', revision: '4d4020c3b7'\nSystem info: os.name: 'Windows 10', os.arch: 'amd64', os.version: '10.0', java.version: '17.0.4.1'\nDriver info: org.openqa.selenium.chrome.ChromeDriver\nCommand: [3e6f64e429919d43e8673c7f41b80a39, findElement {using=xpath, value=//img[@alt=\"Ek Dozen Ekjon\"]}]\nCapabilities {acceptInsecureCerts: false, browserName: chrome, browserVersion: 109.0.5414.75, chrome: {chromedriverVersion: 109.0.5414.74 (e7c5703604da..., userDataDir: C:\\Users\\User\\AppData\\Local...}, goog:chromeOptions: {debuggerAddress: localhost:53436}, networkConnectionEnabled: false, pageLoadStrategy: normal, platformName: WINDOWS, proxy: Proxy(), se:cdp: ws://localhost:53436/devtoo..., se:cdpVersion: 109.0.5414.75, setWindowRect: true, strictFileInteractability: false, timeouts: {implicit: 0, pageLoad: 300000, script: 30000}, unhandledPromptBehavior: dismiss and notify, webauthn:extension:credBlob: true, webauthn:extension:largeBlob: true, webauthn:virtualAuthenticators: true}\nSession ID: 3e6f64e429919d43e8673c7f41b80a39\r\n\tat jdk.internal.reflect.GeneratedConstructorAccessor12.newInstance(Unknown Source)\r\n\tat java.base/jdk.internal.reflect.DelegatingConstructorAccessorImpl.newInstance(DelegatingConstructorAccessorImpl.java:45)\r\n\tat java.base/java.lang.reflect.Constructor.newInstanceWithCaller(Constructor.java:499)\r\n\tat java.base/java.lang.reflect.Constructor.newInstance(Constructor.java:480)\r\n\tat org.openqa.selenium.remote.codec.w3c.W3CHttpResponseCodec.createException(W3CHttpResponseCodec.java:200)\r\n\tat org.openqa.selenium.remote.codec.w3c.W3CHttpResponseCodec.decode(W3CHttpResponseCodec.java:133)\r\n\tat org.openqa.selenium.remote.codec.w3c.W3CHttpResponseCodec.decode(W3CHttpResponseCodec.java:53)\r\n\tat org.openqa.selenium.remote.HttpCommandExecutor.execute(HttpCommandExecutor.java:184)\r\n\tat org.openqa.selenium.remote.service.DriverCommandExecutor.invokeExecute(DriverCommandExecutor.java:167)\r\n\tat org.openqa.selenium.remote.service.DriverCommandExecutor.execute(DriverCommandExecutor.java:142)\r\n\tat org.openqa.selenium.remote.RemoteWebDriver.execute(RemoteWebDriver.java:535)\r\n\tat org.openqa.selenium.remote.ElementLocation$ElementFinder$2.findElement(ElementLocation.java:162)\r\n\tat org.openqa.selenium.remote.ElementLocation.findElement(ElementLocation.java:60)\r\n\tat org.openqa.selenium.remote.RemoteWebDriver.findElement(RemoteWebDriver.java:351)\r\n\tat org.openqa.selenium.remote.RemoteWebDriver.findElement(RemoteWebDriver.java:343)\r\n\tat org.openqa.selenium.support.ui.ExpectedConditions$6.apply(ExpectedConditions.java:174)\r\n\tat org.openqa.selenium.support.ui.ExpectedConditions$6.apply(ExpectedConditions.java:171)\r\n\tat org.openqa.selenium.support.ui.FluentWait.until(FluentWait.java:208)\r\n\t... 30 more\r\n",
  "flaky" : true,
  "beforeStages" : [ {
    "name" : "setBrowser",
    "time" : {
      "start" : 1674327415724,
      "stop" : 1674327417442,
      "duration" : 1718
    },
    "description" : "",
    "status" : "passed",
    "steps" : [ ],
    "attachments" : [ ],
    "parameters" : [ ],
    "attachmentsCount" : 0,
    "shouldDisplayMessage" : false,
    "stepsCount" : 0,
    "hasContent" : false
  } ],
  "afterStages" : [ {
    "name" : "quitBrowser",
    "time" : {
      "start" : 1674327452654,
      "stop" : 1674327458072,
      "duration" : 5418
    },
    "description" : "",
    "status" : "passed",
    "steps" : [ ],
    "attachments" : [ ],
    "parameters" : [ ],
    "attachmentsCount" : 0,
    "shouldDisplayMessage" : false,
    "stepsCount" : 0,
    "hasContent" : false
  } ],
  "labels" : [ {
    "name" : "package",
    "value" : "testclass.AddToCardBookTesting"
  }, {
    "name" : "testClass",
    "value" : "testclass.AddToCardBookTesting"
  }, {
    "name" : "testMethod",
    "value" : "addBookCard"
  }, {
    "name" : "parentSuite",
    "value" : "Default suite"
  }, {
    "name" : "suite",
    "value" : "Default test"
  }, {
    "name" : "subSuite",
    "value" : "testclass.AddToCardBookTesting"
  }, {
    "name" : "host",
    "value" : "DESKTOP-SCKABHO"
  }, {
    "name" : "thread",
    "value" : "12436@DESKTOP-SCKABHO.main(1)"
  }, {
    "name" : "framework",
    "value" : "testng"
  }, {
    "name" : "language",
    "value" : "java"
  }, {
    "name" : "resultFormat",
    "value" : "allure2"
  } ],
  "parameters" : [ ],
  "links" : [ ],
  "hidden" : false,
  "retry" : false,
  "extra" : {
    "severity" : "normal",
    "retries" : [ {
      "uid" : "1c74bd03ef6e14cf",
      "status" : "broken",
      "statusDetails" : "Expected condition failed: waiting for presence of element located by: By.xpath: //img[@alt=\"Ek Dozen Ekjon\"] (tried for 20 second(s) with 500 milliseconds interval)",
      "time" : {
        "start" : 1674327315040,
        "stop" : 1674327335134,
        "duration" : 20094
      }
    }, {
      "uid" : "a6c8d9d614513907",
      "status" : "passed",
      "time" : {
        "start" : 1674327044683,
        "stop" : 1674327063216,
        "duration" : 18533
      }
    }, {
      "uid" : "efa27f18a5c86409",
      "status" : "broken",
      "statusDetails" : "element not interactable\n  (Session info: chrome=109.0.5414.75)\nBuild info: version: '4.7.2', revision: '4d4020c3b7'\nSystem info: os.name: 'Windows 10', os.arch: 'amd64', os.version: '10.0', java.version: '17.0.4.1'\nDriver info: org.openqa.selenium.chrome.ChromeDriver\nCommand: [33abd7f7f3fbe37d25853c8a7dd27001, clickElement {id=9298e1a8-af1b-4946-a9c6-323befdd8bdf}]\nCapabilities {acceptInsecureCerts: false, browserName: chrome, browserVersion: 109.0.5414.75, chrome: {chromedriverVersion: 109.0.5414.74 (e7c5703604da..., userDataDir: C:\\Users\\User\\AppData\\Local...}, goog:chromeOptions: {debuggerAddress: localhost:52959}, networkConnectionEnabled: false, pageLoadStrategy: normal, platformName: WINDOWS, proxy: Proxy(), se:cdp: ws://localhost:52959/devtoo..., se:cdpVersion: 109.0.5414.75, setWindowRect: true, strictFileInteractability: false, timeouts: {implicit: 0, pageLoad: 300000, script: 30000}, unhandledPromptBehavior: dismiss and notify, webauthn:extension:credBlob: true, webauthn:extension:largeBlob: true, webauthn:virtualAuthenticators: true}\nElement: [[ChromeDriver: chrome on WINDOWS (33abd7f7f3fbe37d25853c8a7dd27001)] -> xpath: //a[contains(text(),' মুহম্মদ জাফর ইকবাল ')]]\nSession ID: 33abd7f7f3fbe37d25853c8a7dd27001",
      "time" : {
        "start" : 1674326962490,
        "stop" : 1674326979694,
        "duration" : 17204
      }
    }, {
      "uid" : "7a06e51e35724a7f",
      "status" : "broken",
      "statusDetails" : "Expected condition failed: waiting for element to be clickable: By.xpath: //span[contains(text(),'CUSTOMER CARE')] (tried for 20 second(s) with 500 milliseconds interval)",
      "time" : {
        "start" : 1674320240388,
        "stop" : 1674320267123,
        "duration" : 26735
      }
    }, {
      "uid" : "efb612deb274eff3",
      "status" : "passed",
      "time" : {
        "start" : 1674315384951,
        "stop" : 1674315402715,
        "duration" : 17764
      }
    }, {
      "uid" : "b2f8ccfa64d73db7",
      "status" : "passed",
      "time" : {
        "start" : 1674118616798,
        "stop" : 1674118641129,
        "duration" : 24331
      }
    }, {
      "uid" : "55b5b79f8a3e2432",
      "status" : "broken",
      "statusDetails" : "element click intercepted: Element is not clickable at point (447, 1244)\n  (Session info: chrome=108.0.5359.126)\nBuild info: version: '4.6.0', revision: '79f1c02ae20'\nSystem info: os.name: 'Windows 10', os.arch: 'amd64', os.version: '10.0', java.version: '17.0.4.1'\nDriver info: org.openqa.selenium.chrome.ChromeDriver\nCommand: [e04285bdb4ac19d101b07310c1f172b5, clickElement {id=ec1d06c5-73d0-4dca-851d-e996d7d90466}]\nCapabilities {acceptInsecureCerts: false, browserName: chrome, browserVersion: 108.0.5359.126, chrome: {chromedriverVersion: 108.0.5359.71 (1e0e3868ee06..., userDataDir: C:\\Users\\User\\AppData\\Local...}, goog:chromeOptions: {debuggerAddress: localhost:49844}, networkConnectionEnabled: false, pageLoadStrategy: normal, platformName: WINDOWS, proxy: Proxy(), se:cdp: ws://localhost:49844/devtoo..., se:cdpVersion: 108.0.5359.126, setWindowRect: true, strictFileInteractability: false, timeouts: {implicit: 0, pageLoad: 300000, script: 30000}, unhandledPromptBehavior: dismiss and notify, webauthn:extension:credBlob: true, webauthn:extension:largeBlob: true, webauthn:virtualAuthenticators: true}\nElement: [[ChromeDriver: chrome on WINDOWS (e04285bdb4ac19d101b07310c1f172b5)] -> xpath: //a[@href=\"/book/category/410?ref=h_cl6\"]]\nSession ID: e04285bdb4ac19d101b07310c1f172b5",
      "time" : {
        "start" : 1674117020380,
        "stop" : 1674117030478,
        "duration" : 10098
      }
    }, {
      "uid" : "71a6d9d48966170a",
      "status" : "broken",
      "statusDetails" : "invalid selector: Unable to locate an element with the xpath expression //a[@href=\\\"/book/category/410?ref=h_cl6\\\"] because of the following error:\nSyntaxError: Failed to execute 'evaluate' on 'Document': The string '//a[@href=\\\"/book/category/410?ref=h_cl6\\\"]' is not a valid XPath expression.\n  (Session info: chrome=108.0.5359.126)\nFor documentation on this error, please visit: https://selenium.dev/exceptions/#invalid_selector_exception\nBuild info: version: '4.6.0', revision: '79f1c02ae20'\nSystem info: os.name: 'Windows 10', os.arch: 'amd64', os.version: '10.0', java.version: '17.0.4.1'\nDriver info: org.openqa.selenium.chrome.ChromeDriver\nCommand: [464ea4a95773c217b9ad49ecd2de9868, findElement {using=xpath, value=//a[@href=\\\"/book/category/410?ref=h_cl6\\\"]}]\nCapabilities {acceptInsecureCerts: false, browserName: chrome, browserVersion: 108.0.5359.126, chrome: {chromedriverVersion: 108.0.5359.71 (1e0e3868ee06..., userDataDir: C:\\Users\\User\\AppData\\Local...}, goog:chromeOptions: {debuggerAddress: localhost:49773}, networkConnectionEnabled: false, pageLoadStrategy: normal, platformName: WINDOWS, proxy: Proxy(), se:cdp: ws://localhost:49773/devtoo..., se:cdpVersion: 108.0.5359.126, setWindowRect: true, strictFileInteractability: false, timeouts: {implicit: 0, pageLoad: 300000, script: 30000}, unhandledPromptBehavior: dismiss and notify, webauthn:extension:credBlob: true, webauthn:extension:largeBlob: true, webauthn:virtualAuthenticators: true}\nSession ID: 464ea4a95773c217b9ad49ecd2de9868",
      "time" : {
        "start" : 1674116553925,
        "stop" : 1674116561289,
        "duration" : 7364
      }
    }, {
      "uid" : "19b7cc8d36de6698",
      "status" : "broken",
      "statusDetails" : "invalid selector: Unable to locate an element with the xpath expression //a[@href=\\\"/book/category/410?ref=h_cl6\\\"] because of the following error:\nSyntaxError: Failed to execute 'evaluate' on 'Document': The string '//a[@href=\\\"/book/category/410?ref=h_cl6\\\"]' is not a valid XPath expression.\n  (Session info: chrome=108.0.5359.126)\nFor documentation on this error, please visit: https://selenium.dev/exceptions/#invalid_selector_exception\nBuild info: version: '4.6.0', revision: '79f1c02ae20'\nSystem info: os.name: 'Windows 10', os.arch: 'amd64', os.version: '10.0', java.version: '17.0.4.1'\nDriver info: org.openqa.selenium.chrome.ChromeDriver\nCommand: [407783e7d5ceea03181bbd8ce95acb11, findElement {using=xpath, value=//a[@href=\\\"/book/category/410?ref=h_cl6\\\"]}]\nCapabilities {acceptInsecureCerts: false, browserName: chrome, browserVersion: 108.0.5359.126, chrome: {chromedriverVersion: 108.0.5359.71 (1e0e3868ee06..., userDataDir: C:\\Users\\User\\AppData\\Local...}, goog:chromeOptions: {debuggerAddress: localhost:49706}, networkConnectionEnabled: false, pageLoadStrategy: normal, platformName: WINDOWS, proxy: Proxy(), se:cdp: ws://localhost:49706/devtoo..., se:cdpVersion: 108.0.5359.126, setWindowRect: true, strictFileInteractability: false, timeouts: {implicit: 0, pageLoad: 300000, script: 30000}, unhandledPromptBehavior: dismiss and notify, webauthn:extension:credBlob: true, webauthn:extension:largeBlob: true, webauthn:virtualAuthenticators: true}\nSession ID: 407783e7d5ceea03181bbd8ce95acb11",
      "time" : {
        "start" : 1674116504186,
        "stop" : 1674116515196,
        "duration" : 11010
      }
    }, {
      "uid" : "f651af55e7f7d547",
      "status" : "broken",
      "statusDetails" : "invalid selector: Unable to locate an element with the xpath expression //a[@href=\\\"/book/category/410?ref=h_cl6\\\"] because of the following error:\nSyntaxError: Failed to execute 'evaluate' on 'Document': The string '//a[@href=\\\"/book/category/410?ref=h_cl6\\\"]' is not a valid XPath expression.\n  (Session info: chrome=108.0.5359.126)\nFor documentation on this error, please visit: https://selenium.dev/exceptions/#invalid_selector_exception\nBuild info: version: '4.6.0', revision: '79f1c02ae20'\nSystem info: os.name: 'Windows 10', os.arch: 'amd64', os.version: '10.0', java.version: '17.0.4.1'\nDriver info: org.openqa.selenium.chrome.ChromeDriver\nCommand: [7cf38ac4f88c302f01197c3835f5dfbc, findElement {using=xpath, value=//a[@href=\\\"/book/category/410?ref=h_cl6\\\"]}]\nCapabilities {acceptInsecureCerts: false, browserName: chrome, browserVersion: 108.0.5359.126, chrome: {chromedriverVersion: 108.0.5359.71 (1e0e3868ee06..., userDataDir: C:\\Users\\User\\AppData\\Local...}, goog:chromeOptions: {debuggerAddress: localhost:49629}, networkConnectionEnabled: false, pageLoadStrategy: normal, platformName: WINDOWS, proxy: Proxy(), se:cdp: ws://localhost:49629/devtoo..., se:cdpVersion: 108.0.5359.126, setWindowRect: true, strictFileInteractability: false, timeouts: {implicit: 0, pageLoad: 300000, script: 30000}, unhandledPromptBehavior: dismiss and notify, webauthn:extension:credBlob: true, webauthn:extension:largeBlob: true, webauthn:virtualAuthenticators: true}\nSession ID: 7cf38ac4f88c302f01197c3835f5dfbc",
      "time" : {
        "start" : 1674116432640,
        "stop" : 1674116439038,
        "duration" : 6398
      }
    }, {
      "uid" : "f55b89322bb6e4f8",
      "status" : "broken",
      "statusDetails" : "invalid selector: Unable to locate an element with the xpath expression //a[@href=\\\"/book/category/410?ref=h_cl6\\\"] because of the following error:\nSyntaxError: Failed to execute 'evaluate' on 'Document': The string '//a[@href=\\\"/book/category/410?ref=h_cl6\\\"]' is not a valid XPath expression.\n  (Session info: chrome=108.0.5359.126)\nFor documentation on this error, please visit: https://selenium.dev/exceptions/#invalid_selector_exception\nBuild info: version: '4.6.0', revision: '79f1c02ae20'\nSystem info: os.name: 'Windows 10', os.arch: 'amd64', os.version: '10.0', java.version: '17.0.4.1'\nDriver info: org.openqa.selenium.chrome.ChromeDriver\nCommand: [2a88cc4248bcaa169e0126509991833e, findElement {using=xpath, value=//a[@href=\\\"/book/category/410?ref=h_cl6\\\"]}]\nCapabilities {acceptInsecureCerts: false, browserName: chrome, browserVersion: 108.0.5359.126, chrome: {chromedriverVersion: 108.0.5359.71 (1e0e3868ee06..., userDataDir: C:\\Users\\User\\AppData\\Local...}, goog:chromeOptions: {debuggerAddress: localhost:49539}, networkConnectionEnabled: false, pageLoadStrategy: normal, platformName: WINDOWS, proxy: Proxy(), se:cdp: ws://localhost:49539/devtoo..., se:cdpVersion: 108.0.5359.126, setWindowRect: true, strictFileInteractability: false, timeouts: {implicit: 0, pageLoad: 300000, script: 30000}, unhandledPromptBehavior: dismiss and notify, webauthn:extension:credBlob: true, webauthn:extension:largeBlob: true, webauthn:virtualAuthenticators: true}\nSession ID: 2a88cc4248bcaa169e0126509991833e",
      "time" : {
        "start" : 1674116191830,
        "stop" : 1674116199697,
        "duration" : 7867
      }
    }, {
      "uid" : "256df89c264e43d",
      "status" : "broken",
      "statusDetails" : "invalid selector: Unable to locate an element with the xpath expression //a[@href=\\\"/book/category/410?ref=h_cl6\\\"] because of the following error:\nSyntaxError: Failed to execute 'evaluate' on 'Document': The string '//a[@href=\\\"/book/category/410?ref=h_cl6\\\"]' is not a valid XPath expression.\n  (Session info: chrome=108.0.5359.126)\nFor documentation on this error, please visit: https://selenium.dev/exceptions/#invalid_selector_exception\nBuild info: version: '4.6.0', revision: '79f1c02ae20'\nSystem info: os.name: 'Windows 10', os.arch: 'amd64', os.version: '10.0', java.version: '17.0.4.1'\nDriver info: org.openqa.selenium.chrome.ChromeDriver\nCommand: [da374beaf5be3007e18d88f081fc2908, findElement {using=xpath, value=//a[@href=\\\"/book/category/410?ref=h_cl6\\\"]}]\nCapabilities {acceptInsecureCerts: false, browserName: chrome, browserVersion: 108.0.5359.126, chrome: {chromedriverVersion: 108.0.5359.71 (1e0e3868ee06..., userDataDir: C:\\Users\\User\\AppData\\Local...}, goog:chromeOptions: {debuggerAddress: localhost:49209}, networkConnectionEnabled: false, pageLoadStrategy: normal, platformName: WINDOWS, proxy: Proxy(), se:cdp: ws://localhost:49209/devtoo..., se:cdpVersion: 108.0.5359.126, setWindowRect: true, strictFileInteractability: false, timeouts: {implicit: 0, pageLoad: 300000, script: 30000}, unhandledPromptBehavior: dismiss and notify, webauthn:extension:credBlob: true, webauthn:extension:largeBlob: true, webauthn:virtualAuthenticators: true}\nSession ID: da374beaf5be3007e18d88f081fc2908",
      "time" : {
        "start" : 1674115592958,
        "stop" : 1674115621925,
        "duration" : 28967
      }
    }, {
      "uid" : "27f4d71a50d59009",
      "status" : "broken",
      "statusDetails" : "element click intercepted: Element is not clickable at point (447, 1220)\n  (Session info: chrome=108.0.5359.126)\nBuild info: version: '4.6.0', revision: '79f1c02ae20'\nSystem info: os.name: 'Windows 10', os.arch: 'amd64', os.version: '10.0', java.version: '17.0.4.1'\nDriver info: org.openqa.selenium.chrome.ChromeDriver\nCommand: [f4f2c970cfb9d6f9d967e2800e0d13f6, clickElement {id=b09f9774-7c4d-46bd-89c3-58f2b4ef7f0a}]\nCapabilities {acceptInsecureCerts: false, browserName: chrome, browserVersion: 108.0.5359.126, chrome: {chromedriverVersion: 108.0.5359.71 (1e0e3868ee06..., userDataDir: C:\\Users\\User\\AppData\\Local...}, goog:chromeOptions: {debuggerAddress: localhost:65393}, networkConnectionEnabled: false, pageLoadStrategy: normal, platformName: WINDOWS, proxy: Proxy(), se:cdp: ws://localhost:65393/devtoo..., se:cdpVersion: 108.0.5359.126, setWindowRect: true, strictFileInteractability: false, timeouts: {implicit: 0, pageLoad: 300000, script: 30000}, unhandledPromptBehavior: dismiss and notify, webauthn:extension:credBlob: true, webauthn:extension:largeBlob: true, webauthn:virtualAuthenticators: true}\nElement: [[ChromeDriver: chrome on WINDOWS (f4f2c970cfb9d6f9d967e2800e0d13f6)] -> xpath: //a[@href=\"/book/category/410?ref=h_cl6\"]]\nSession ID: f4f2c970cfb9d6f9d967e2800e0d13f6",
      "time" : {
        "start" : 1674115323816,
        "stop" : 1674115331982,
        "duration" : 8166
      }
    }, {
      "uid" : "ddbc3f0f5e9def84",
      "status" : "broken",
      "statusDetails" : "element click intercepted: Element is not clickable at point (447, 1244)\n  (Session info: chrome=108.0.5359.126)\nBuild info: version: '4.6.0', revision: '79f1c02ae20'\nSystem info: os.name: 'Windows 10', os.arch: 'amd64', os.version: '10.0', java.version: '17.0.4.1'\nDriver info: org.openqa.selenium.chrome.ChromeDriver\nCommand: [33f10dc32a81c8d8754f0756e8e3b095, clickElement {id=868c9598-b38d-4139-9424-dd73059f0e51}]\nCapabilities {acceptInsecureCerts: false, browserName: chrome, browserVersion: 108.0.5359.126, chrome: {chromedriverVersion: 108.0.5359.71 (1e0e3868ee06..., userDataDir: C:\\Users\\User\\AppData\\Local...}, goog:chromeOptions: {debuggerAddress: localhost:65313}, networkConnectionEnabled: false, pageLoadStrategy: normal, platformName: WINDOWS, proxy: Proxy(), se:cdp: ws://localhost:65313/devtoo..., se:cdpVersion: 108.0.5359.126, setWindowRect: true, strictFileInteractability: false, timeouts: {implicit: 0, pageLoad: 300000, script: 30000}, unhandledPromptBehavior: dismiss and notify, webauthn:extension:credBlob: true, webauthn:extension:largeBlob: true, webauthn:virtualAuthenticators: true}\nElement: [[ChromeDriver: chrome on WINDOWS (33f10dc32a81c8d8754f0756e8e3b095)] -> xpath: //a[@href=\"/book/category/410?ref=h_cl6\"]]\nSession ID: 33f10dc32a81c8d8754f0756e8e3b095",
      "time" : {
        "start" : 1674115290099,
        "stop" : 1674115299809,
        "duration" : 9710
      }
    }, {
      "uid" : "4dd2996318ebd762",
      "status" : "broken",
      "statusDetails" : "Expected condition failed: waiting for element to be clickable: By.xpath: //body/div[5]/section[3]/section[1]/div[2]/div[1]/div[3]/a[1]/div[1]/div[3]/button[1] (tried for 20 second(s) with 500 milliseconds interval)\nBuild info: version: '4.6.0', revision: '79f1c02ae20'\nSystem info: os.name: 'Windows 10', os.arch: 'amd64', os.version: '10.0', java.version: '17.0.4.1'\nDriver info: org.openqa.selenium.chrome.ChromeDriver\nCapabilities {acceptInsecureCerts: false, browserName: chrome, browserVersion: 108.0.5359.126, chrome: {chromedriverVersion: 108.0.5359.71 (1e0e3868ee06..., userDataDir: C:\\Users\\User\\AppData\\Local...}, goog:chromeOptions: {debuggerAddress: localhost:64799}, networkConnectionEnabled: false, pageLoadStrategy: normal, platformName: WINDOWS, proxy: Proxy(), se:cdp: ws://localhost:64799/devtoo..., se:cdpVersion: 108.0.5359.126, setWindowRect: true, strictFileInteractability: false, timeouts: {implicit: 0, pageLoad: 300000, script: 30000}, unhandledPromptBehavior: dismiss and notify, webauthn:extension:credBlob: true, webauthn:extension:largeBlob: true, webauthn:virtualAuthenticators: true}\nSession ID: 0af48d671c0486da3e78c78780e9f952",
      "time" : {
        "start" : 1674111139121,
        "stop" : 1674111167658,
        "duration" : 28537
      }
    }, {
      "uid" : "fff74b77783b16ab",
      "status" : "broken",
      "statusDetails" : "Expected condition failed: waiting for element to be clickable: By.xpath: //button[@product-id=\"167972\"] (tried for 20 second(s) with 500 milliseconds interval)\nBuild info: version: '4.6.0', revision: '79f1c02ae20'\nSystem info: os.name: 'Windows 10', os.arch: 'amd64', os.version: '10.0', java.version: '17.0.4.1'\nDriver info: org.openqa.selenium.chrome.ChromeDriver\nCapabilities {acceptInsecureCerts: false, browserName: chrome, browserVersion: 108.0.5359.126, chrome: {chromedriverVersion: 108.0.5359.71 (1e0e3868ee06..., userDataDir: C:\\Users\\User\\AppData\\Local...}, goog:chromeOptions: {debuggerAddress: localhost:64604}, networkConnectionEnabled: false, pageLoadStrategy: normal, platformName: WINDOWS, proxy: Proxy(), se:cdp: ws://localhost:64604/devtoo..., se:cdpVersion: 108.0.5359.126, setWindowRect: true, strictFileInteractability: false, timeouts: {implicit: 0, pageLoad: 300000, script: 30000}, unhandledPromptBehavior: dismiss and notify, webauthn:extension:credBlob: true, webauthn:extension:largeBlob: true, webauthn:virtualAuthenticators: true}\nSession ID: 0c593bc7c91ef148859a7b4ba9b12152",
      "time" : {
        "start" : 1674110861041,
        "stop" : 1674110887498,
        "duration" : 26457
      }
    }, {
      "uid" : "b6675fac43537fa1",
      "status" : "broken",
      "statusDetails" : "Expected condition failed: waiting for element to be clickable: By.xpath: //button[@product-id=\"167972\"] (tried for 20 second(s) with 500 milliseconds interval)\nBuild info: version: '4.6.0', revision: '79f1c02ae20'\nSystem info: os.name: 'Windows 10', os.arch: 'amd64', os.version: '10.0', java.version: '17.0.4.1'\nDriver info: org.openqa.selenium.chrome.ChromeDriver\nCapabilities {acceptInsecureCerts: false, browserName: chrome, browserVersion: 108.0.5359.126, chrome: {chromedriverVersion: 108.0.5359.71 (1e0e3868ee06..., userDataDir: C:\\Users\\User\\AppData\\Local...}, goog:chromeOptions: {debuggerAddress: localhost:64495}, networkConnectionEnabled: false, pageLoadStrategy: normal, platformName: WINDOWS, proxy: Proxy(), se:cdp: ws://localhost:64495/devtoo..., se:cdpVersion: 108.0.5359.126, setWindowRect: true, strictFileInteractability: false, timeouts: {implicit: 0, pageLoad: 300000, script: 30000}, unhandledPromptBehavior: dismiss and notify, webauthn:extension:credBlob: true, webauthn:extension:largeBlob: true, webauthn:virtualAuthenticators: true}\nSession ID: a9ed2b0637ffdb219d6469265393bf07",
      "time" : {
        "start" : 1674110780724,
        "stop" : 1674110808211,
        "duration" : 27487
      }
    } ],
    "categories" : [ {
      "name" : "Test defects",
      "matchedStatuses" : [ ],
      "flaky" : false
    } ],
    "tags" : [ ]
  },
  "source" : "6652b51413e5d48e.json",
  "parameterValues" : [ ]
}